<?xml version="1.0" encoding="UTF-8"?>
<testsuite xmlns:xsi="http://www.w3.org/2001/XMLSchema-instance" xsi:noNamespaceSchemaLocation="https://maven.apache.org/surefire/maven-surefire-plugin/xsd/surefire-test-report-3.0.xsd" version="3.0" name="com.tests.ImageTests" time="2.45" tests="1" errors="0" skipped="0" failures="0">
  <properties>
    <property name="java.specification.version" value="17"/>
    <property name="sun.cpu.isalist" value="amd64"/>
    <property name="sun.jnu.encoding" value="Cp1251"/>
    <property name="java.class.path" value="C:\программирование\gb\rest-assured\target\test-classes;C:\программирование\gb\rest-assured\target\classes;C:\Users\xVisionTV\.m2\repository\org\aspectj\aspectjweaver\1.9.2\aspectjweaver-1.9.2.jar;C:\Users\xVisionTV\.m2\repository\io\rest-assured\rest-assured\4.3.3\rest-assured-4.3.3.jar;C:\Users\xVisionTV\.m2\repository\org\codehaus\groovy\groovy\3.0.7\groovy-3.0.7.jar;C:\Users\xVisionTV\.m2\repository\org\codehaus\groovy\groovy-xml\3.0.7\groovy-xml-3.0.7.jar;C:\Users\xVisionTV\.m2\repository\org\apache\httpcomponents\httpclient\4.5.3\httpclient-4.5.3.jar;C:\Users\xVisionTV\.m2\repository\org\apache\httpcomponents\httpcore\4.4.6\httpcore-4.4.6.jar;C:\Users\xVisionTV\.m2\repository\commons-logging\commons-logging\1.2\commons-logging-1.2.jar;C:\Users\xVisionTV\.m2\repository\commons-codec\commons-codec\1.9\commons-codec-1.9.jar;C:\Users\xVisionTV\.m2\repository\org\apache\httpcomponents\httpmime\4.5.3\httpmime-4.5.3.jar;C:\Users\xVisionTV\.m2\repository\org\hamcrest\hamcrest\2.1\hamcrest-2.1.jar;C:\Users\xVisionTV\.m2\repository\org\ccil\cowan\tagsoup\tagsoup\1.2.1\tagsoup-1.2.1.jar;C:\Users\xVisionTV\.m2\repository\io\rest-assured\json-path\4.3.3\json-path-4.3.3.jar;C:\Users\xVisionTV\.m2\repository\org\codehaus\groovy\groovy-json\3.0.7\groovy-json-3.0.7.jar;C:\Users\xVisionTV\.m2\repository\io\rest-assured\rest-assured-common\4.3.3\rest-assured-common-4.3.3.jar;C:\Users\xVisionTV\.m2\repository\io\rest-assured\xml-path\4.3.3\xml-path-4.3.3.jar;C:\Users\xVisionTV\.m2\repository\org\apache\commons\commons-lang3\3.11\commons-lang3-3.11.jar;C:\Users\xVisionTV\.m2\repository\jakarta\xml\bind\jakarta.xml.bind-api\2.3.3\jakarta.xml.bind-api-2.3.3.jar;C:\Users\xVisionTV\.m2\repository\jakarta\activation\jakarta.activation-api\1.2.2\jakarta.activation-api-1.2.2.jar;C:\Users\xVisionTV\.m2\repository\com\sun\xml\bind\jaxb-impl\2.3.3\jaxb-impl-2.3.3.jar;C:\Users\xVisionTV\.m2\repository\org\junit\jupiter\junit-jupiter\5.8.1\junit-jupiter-5.8.1.jar;C:\Users\xVisionTV\.m2\repository\org\junit\jupiter\junit-jupiter-api\5.8.1\junit-jupiter-api-5.8.1.jar;C:\Users\xVisionTV\.m2\repository\org\opentest4j\opentest4j\1.2.0\opentest4j-1.2.0.jar;C:\Users\xVisionTV\.m2\repository\org\junit\platform\junit-platform-commons\1.8.1\junit-platform-commons-1.8.1.jar;C:\Users\xVisionTV\.m2\repository\org\apiguardian\apiguardian-api\1.1.2\apiguardian-api-1.1.2.jar;C:\Users\xVisionTV\.m2\repository\org\junit\jupiter\junit-jupiter-params\5.8.1\junit-jupiter-params-5.8.1.jar;C:\Users\xVisionTV\.m2\repository\org\junit\jupiter\junit-jupiter-engine\5.8.1\junit-jupiter-engine-5.8.1.jar;C:\Users\xVisionTV\.m2\repository\org\junit\platform\junit-platform-engine\1.8.1\junit-platform-engine-1.8.1.jar;C:\Users\xVisionTV\.m2\repository\commons-io\commons-io\2.8.0\commons-io-2.8.0.jar;C:\Users\xVisionTV\.m2\repository\io\qameta\allure\allure-junit5\2.13.8\allure-junit5-2.13.8.jar;C:\Users\xVisionTV\.m2\repository\io\qameta\allure\allure-junit-platform\2.13.8\allure-junit-platform-2.13.8.jar;C:\Users\xVisionTV\.m2\repository\org\junit\platform\junit-platform-launcher\1.7.0\junit-platform-launcher-1.7.0.jar;C:\Users\xVisionTV\.m2\repository\io\qameta\allure\allure-rest-assured\2.13.8\allure-rest-assured-2.13.8.jar;C:\Users\xVisionTV\.m2\repository\io\qameta\allure\allure-attachments\2.13.8\allure-attachments-2.13.8.jar;C:\Users\xVisionTV\.m2\repository\org\freemarker\freemarker\2.3.30\freemarker-2.3.30.jar;C:\Users\xVisionTV\.m2\repository\io\qameta\allure\allure-java-commons\2.13.8\allure-java-commons-2.13.8.jar;C:\Users\xVisionTV\.m2\repository\io\qameta\allure\allure-model\2.13.8\allure-model-2.13.8.jar;C:\Users\xVisionTV\.m2\repository\org\slf4j\slf4j-api\1.7.30\slf4j-api-1.7.30.jar;C:\Users\xVisionTV\.m2\repository\com\fasterxml\jackson\core\jackson-databind\2.11.3\jackson-databind-2.11.3.jar;C:\Users\xVisionTV\.m2\repository\com\fasterxml\jackson\core\jackson-annotations\2.11.3\jackson-annotations-2.11.3.jar;C:\Users\xVisionTV\.m2\repository\com\fasterxml\jackson\core\jackson-core\2.11.3\jackson-core-2.11.3.jar;C:\Users\xVisionTV\.m2\repository\org\apache\tika\tika-core\1.24.1\tika-core-1.24.1.jar;C:\Users\xVisionTV\.m2\repository\org\jooq\joor-java-8\0.9.13\joor-java-8-0.9.13.jar;"/>
    <property name="java.vm.vendor" value="Oracle Corporation"/>
    <property name="sun.arch.data.model" value="64"/>
    <property name="user.variant" value=""/>
    <property name="java.vendor.url" value="https://java.oracle.com/"/>
    <property name="user.timezone" value="Europe/Moscow"/>
    <property name="os.name" value="Windows 10"/>
    <property name="java.vm.specification.version" value="17"/>
    <property name="sun.java.launcher" value="SUN_STANDARD"/>
    <property name="user.country" value="RU"/>
    <property name="sun.boot.library.path" value="C:\Users\xVisionTV\.jdks\openjdk-17\bin"/>
    <property name="sun.java.command" value="C:\Users\xVisionTV\AppData\Local\Temp\surefire11144333993873920165\surefirebooter15540923476629321145.jar C:\Users\xVisionTV\AppData\Local\Temp\surefire11144333993873920165 2022-01-06T17-17-39_724-jvmRun1 surefire16521468049647494189tmp surefire_015403633740016716539tmp"/>
    <property name="jdk.debug" value="release"/>
    <property name="surefire.test.class.path" value="C:\программирование\gb\rest-assured\target\test-classes;C:\программирование\gb\rest-assured\target\classes;C:\Users\xVisionTV\.m2\repository\org\aspectj\aspectjweaver\1.9.2\aspectjweaver-1.9.2.jar;C:\Users\xVisionTV\.m2\repository\io\rest-assured\rest-assured\4.3.3\rest-assured-4.3.3.jar;C:\Users\xVisionTV\.m2\repository\org\codehaus\groovy\groovy\3.0.7\groovy-3.0.7.jar;C:\Users\xVisionTV\.m2\repository\org\codehaus\groovy\groovy-xml\3.0.7\groovy-xml-3.0.7.jar;C:\Users\xVisionTV\.m2\repository\org\apache\httpcomponents\httpclient\4.5.3\httpclient-4.5.3.jar;C:\Users\xVisionTV\.m2\repository\org\apache\httpcomponents\httpcore\4.4.6\httpcore-4.4.6.jar;C:\Users\xVisionTV\.m2\repository\commons-logging\commons-logging\1.2\commons-logging-1.2.jar;C:\Users\xVisionTV\.m2\repository\commons-codec\commons-codec\1.9\commons-codec-1.9.jar;C:\Users\xVisionTV\.m2\repository\org\apache\httpcomponents\httpmime\4.5.3\httpmime-4.5.3.jar;C:\Users\xVisionTV\.m2\repository\org\hamcrest\hamcrest\2.1\hamcrest-2.1.jar;C:\Users\xVisionTV\.m2\repository\org\ccil\cowan\tagsoup\tagsoup\1.2.1\tagsoup-1.2.1.jar;C:\Users\xVisionTV\.m2\repository\io\rest-assured\json-path\4.3.3\json-path-4.3.3.jar;C:\Users\xVisionTV\.m2\repository\org\codehaus\groovy\groovy-json\3.0.7\groovy-json-3.0.7.jar;C:\Users\xVisionTV\.m2\repository\io\rest-assured\rest-assured-common\4.3.3\rest-assured-common-4.3.3.jar;C:\Users\xVisionTV\.m2\repository\io\rest-assured\xml-path\4.3.3\xml-path-4.3.3.jar;C:\Users\xVisionTV\.m2\repository\org\apache\commons\commons-lang3\3.11\commons-lang3-3.11.jar;C:\Users\xVisionTV\.m2\repository\jakarta\xml\bind\jakarta.xml.bind-api\2.3.3\jakarta.xml.bind-api-2.3.3.jar;C:\Users\xVisionTV\.m2\repository\jakarta\activation\jakarta.activation-api\1.2.2\jakarta.activation-api-1.2.2.jar;C:\Users\xVisionTV\.m2\repository\com\sun\xml\bind\jaxb-impl\2.3.3\jaxb-impl-2.3.3.jar;C:\Users\xVisionTV\.m2\repository\org\junit\jupiter\junit-jupiter\5.8.1\junit-jupiter-5.8.1.jar;C:\Users\xVisionTV\.m2\repository\org\junit\jupiter\junit-jupiter-api\5.8.1\junit-jupiter-api-5.8.1.jar;C:\Users\xVisionTV\.m2\repository\org\opentest4j\opentest4j\1.2.0\opentest4j-1.2.0.jar;C:\Users\xVisionTV\.m2\repository\org\junit\platform\junit-platform-commons\1.8.1\junit-platform-commons-1.8.1.jar;C:\Users\xVisionTV\.m2\repository\org\apiguardian\apiguardian-api\1.1.2\apiguardian-api-1.1.2.jar;C:\Users\xVisionTV\.m2\repository\org\junit\jupiter\junit-jupiter-params\5.8.1\junit-jupiter-params-5.8.1.jar;C:\Users\xVisionTV\.m2\repository\org\junit\jupiter\junit-jupiter-engine\5.8.1\junit-jupiter-engine-5.8.1.jar;C:\Users\xVisionTV\.m2\repository\org\junit\platform\junit-platform-engine\1.8.1\junit-platform-engine-1.8.1.jar;C:\Users\xVisionTV\.m2\repository\commons-io\commons-io\2.8.0\commons-io-2.8.0.jar;C:\Users\xVisionTV\.m2\repository\io\qameta\allure\allure-junit5\2.13.8\allure-junit5-2.13.8.jar;C:\Users\xVisionTV\.m2\repository\io\qameta\allure\allure-junit-platform\2.13.8\allure-junit-platform-2.13.8.jar;C:\Users\xVisionTV\.m2\repository\org\junit\platform\junit-platform-launcher\1.7.0\junit-platform-launcher-1.7.0.jar;C:\Users\xVisionTV\.m2\repository\io\qameta\allure\allure-rest-assured\2.13.8\allure-rest-assured-2.13.8.jar;C:\Users\xVisionTV\.m2\repository\io\qameta\allure\allure-attachments\2.13.8\allure-attachments-2.13.8.jar;C:\Users\xVisionTV\.m2\repository\org\freemarker\freemarker\2.3.30\freemarker-2.3.30.jar;C:\Users\xVisionTV\.m2\repository\io\qameta\allure\allure-java-commons\2.13.8\allure-java-commons-2.13.8.jar;C:\Users\xVisionTV\.m2\repository\io\qameta\allure\allure-model\2.13.8\allure-model-2.13.8.jar;C:\Users\xVisionTV\.m2\repository\org\slf4j\slf4j-api\1.7.30\slf4j-api-1.7.30.jar;C:\Users\xVisionTV\.m2\repository\com\fasterxml\jackson\core\jackson-databind\2.11.3\jackson-databind-2.11.3.jar;C:\Users\xVisionTV\.m2\repository\com\fasterxml\jackson\core\jackson-annotations\2.11.3\jackson-annotations-2.11.3.jar;C:\Users\xVisionTV\.m2\repository\com\fasterxml\jackson\core\jackson-core\2.11.3\jackson-core-2.11.3.jar;C:\Users\xVisionTV\.m2\repository\org\apache\tika\tika-core\1.24.1\tika-core-1.24.1.jar;C:\Users\xVisionTV\.m2\repository\org\jooq\joor-java-8\0.9.13\joor-java-8-0.9.13.jar;"/>
    <property name="allure.results.directory" value="target/allure-results"/>
    <property name="sun.cpu.endian" value="little"/>
    <property name="user.home" value="C:\Users\xVisionTV"/>
    <property name="user.language" value="ru"/>
    <property name="java.specification.vendor" value="Oracle Corporation"/>
    <property name="java.version.date" value="2021-09-14"/>
    <property name="java.home" value="C:\Users\xVisionTV\.jdks\openjdk-17"/>
    <property name="file.separator" value="\"/>
    <property name="basedir" value="C:\программирование\gb\rest-assured"/>
    <property name="java.vm.compressedOopsMode" value="Zero based"/>
    <property name="line.separator" value="&#10;"/>
    <property name="java.vm.specification.vendor" value="Oracle Corporation"/>
    <property name="java.specification.name" value="Java Platform API Specification"/>
    <property name="surefire.real.class.path" value="C:\Users\xVisionTV\AppData\Local\Temp\surefire11144333993873920165\surefirebooter15540923476629321145.jar"/>
    <property name="user.script" value=""/>
    <property name="sun.management.compiler" value="HotSpot 64-Bit Tiered Compilers"/>
    <property name="java.runtime.version" value="17+35-2724"/>
    <property name="user.name" value="xVisionTV"/>
    <property name="path.separator" value=";"/>
    <property name="os.version" value="10.0"/>
    <property name="java.runtime.name" value="OpenJDK Runtime Environment"/>
    <property name="file.encoding" value="UTF-8"/>
    <property name="java.vm.name" value="OpenJDK 64-Bit Server VM"/>
    <property name="localRepository" value="C:\Users\xVisionTV\.m2\repository"/>
    <property name="java.vendor.url.bug" value="https://bugreport.java.com/bugreport/"/>
    <property name="java.io.tmpdir" value="C:\Users\XVISIO~1\AppData\Local\Temp\"/>
    <property name="idea.version" value="2021.2.3"/>
    <property name="java.version" value="17"/>
    <property name="user.dir" value="C:\программирование\gb\rest-assured"/>
    <property name="os.arch" value="amd64"/>
    <property name="java.vm.specification.name" value="Java Virtual Machine Specification"/>
    <property name="sun.os.patch.level" value=""/>
    <property name="native.encoding" value="Cp1251"/>
    <property name="java.library.path" value="C:\Users\xVisionTV\.jdks\openjdk-17\bin;C:\WINDOWS\Sun\Java\bin;C:\WINDOWS\system32;C:\WINDOWS;C:\Program Files (x86)\Common Files\Oracle\Java\javapath;C:\Windows\System32;C:\Windows;C:\Windows\System32\wbem;C:\Windows\System32\WindowsPowerShell\v1.0\;C:\Windows\System32\OpenSSH\;C:\Program Files\groovy-3.0.7\bin;C:\xVision\ffmpeg\bin;C:\Program Files (x86)\GnuPG\bin;C:\Program Files\Git\cmd;C:\Users\xVisionTV\AppData\Local\Microsoft\WindowsApps;C:\Users\xVisionTV\AppData\Local\Programs\Fiddler;C:\Program Files\JetBrains\IntelliJ IDEA Community Edition 2021.2.3\bin;;C:\Users\xVisionTV\AppData\Local\GitHubDesktop\bin;C:\Users\xVisionTV\AppData\Local\Microsoft\WindowsApps;C:\Program Files\heroku\bin;."/>
    <property name="java.vm.info" value="mixed mode, sharing"/>
    <property name="java.vendor" value="Oracle Corporation"/>
    <property name="java.vm.version" value="17+35-2724"/>
    <property name="sun.io.unicode.encoding" value="UnicodeLittle"/>
    <property name="java.class.version" value="61.0"/>
  </properties>
  <testcase name="uploadFileTest" classname="com.tests.ImageTests" time="2.449">
    <system-out><![CDATA[HTTP/1.1 200 OK
Connection: close
Content-Length: 327
Access-Control-Allow-Headers: Authorization, Content-Type, Accept, X-Mashape-Authorization, IMGURPLATFORM, IMGURUIDJAFO, SESSIONCOUNT, IMGURMWBETA, IMGURMWBETAOPTIN
Access-Control-Allow-Methods: GET, PUT, POST, DELETE, OPTIONS
Access-Control-Allow-Origin: *
Access-Control-Expose-Headers: X-RateLimit-ClientLimit, X-RateLimit-ClientRemaining, X-RateLimit-UserLimit, X-RateLimit-UserRemaining, X-RateLimit-UserReset, Geo-City, Geo-Region, Geo-Metro-Code, Geo-Country-Code
Cache-Control: no-store, no-cache, must-revalidate, post-check=0, pre-check=0
Content-Encoding: gzip
Content-Type: application/json
Date: Thu, 06 Jan 2022 14:17:50 GMT
ETag: W/"8e76c38a17a40f2fbf39b6771e41c855b933cca2"
Expires: Thu, 19 Nov 1981 08:52:00 GMT
Pragma: no-cache
Server: nginx
Set-Cookie: IMGURSESSION=13690f80a1c1698eb1637a3afd6bcfe3; path=/; domain=.imgur.com; secure; HttpOnly
Set-Cookie: _nc=1; path=/; domain=.imgur.com; HttpOnly
Vary: Accept-Encoding
X-origin-ip: 172.16.2.234
X-Post-Rate-Limit-Limit: 1250
X-Post-Rate-Limit-Remaining: 1237
X-Post-Rate-Limit-Reset: 2800
X-RateLimit-ClientLimit: 12500
X-RateLimit-ClientRemaining: 12456
X-RateLimit-UserLimit: 2000
X-RateLimit-UserRemaining: 1994
X-RateLimit-UserReset: 1641481257

{
    "data": {
        "id": "nOtoH1q",
        "title": null,
        "description": null,
        "datetime": 1641478670,
        "type": "image/gif",
        "animated": false,
        "width": 128,
        "height": 128,
        "size": 531,
        "views": 0,
        "bandwidth": 0,
        "vote": null,
        "favorite": false,
        "nsfw": null,
        "section": null,
        "account_url": null,
        "account_id": 145270851,
        "is_ad": false,
        "in_most_viral": false,
        "has_sound": false,
        "tags": [
            
        ],
        "ad_type": 0,
        "ad_url": "",
        "edited": "0",
        "in_gallery": false,
        "deletehash": "Q5KzGLKLw205Z5k",
        "name": "",
        "link": "https://i.imgur.com/nOtoH1q.gif"
    },
    "success": true,
    "status": 200
}
HTTP/1.1 200 OK
Connection: keep-alive
Content-Type: application/json
Access-Control-Expose-Headers: X-RateLimit-ClientLimit, X-RateLimit-ClientRemaining, X-RateLimit-UserLimit, X-RateLimit-UserRemaining, X-RateLimit-UserReset, Geo-City, Geo-Region, Geo-Metro-Code, Geo-Country-Code
X-RateLimit-ClientLimit: 12500
X-RateLimit-ClientRemaining: 12455
X-RateLimit-UserLimit: 2000
X-RateLimit-UserRemaining: 1993
X-RateLimit-UserReset: 1641481257
ETag: W/"4a931e85c4c3e49f1fb921656d64b65510e32928"
Cache-Control: no-store, no-cache, must-revalidate, post-check=0, pre-check=0
Content-Encoding: gzip
Accept-Ranges: bytes
Date: Thu, 06 Jan 2022 14:17:51 GMT
X-Served-By: cache-fra19168-FRA
X-Cache: MISS
X-Cache-Hits: 0
X-Timer: S1641478671.753861,VS0,VE778
Vary: Accept-Encoding
access-control-allow-methods: GET, PUT, POST, PATCH, DELETE, OPTIONS
Server: cat factory 1.0
Access-Control-Allow-Origin: *
Access-Control-Allow-Credentials: true
X-Frame-Options: DENY
Access-Control-Allow-Headers: Authorization, Content-Type, Accept, X-Mashape-Authorization, IMGURPLATFORM, IMGURUIDJAFO, sessionCount, IMGURMWBETA, IMGURMWBETAOPTIN, X-expSNKPK127, X-Imgur-Defender-Bypass
transfer-encoding: chunked

{
    "data": true,
    "success": true,
    "status": 200
}
]]></system-out>
  </testcase>
</testsuite>